2024-10-30 15:22:11.839 GMT [1] LOG:  starting PostgreSQL 16.4 (Debian 16.4-1.pgdg110+2) on x86_64-pc-linux-gnu, compiled by gcc (Debian 10.2.1-6) 10.2.1 20210110, 64-bit
2024-10-30 15:22:11.842 GMT [1] LOG:  listening on IPv4 address "127.0.0.1", port 5432
2024-10-30 15:22:11.842 GMT [1] LOG:  could not bind IPv6 address "::1": Cannot assign requested address
2024-10-30 15:22:11.861 GMT [1] LOG:  listening on Unix socket "/var/run/postgresql/.s.PGSQL.5432"
2024-10-30 15:22:11.892 GMT [30] LOG:  database system was shut down at 2024-10-30 15:20:51 GMT
2024-10-30 15:22:11.992 GMT [1] LOG:  database system is ready to accept connections
2024-10-30 15:27:01.660 GMT [1] LOG:  received fast shutdown request
2024-10-30 15:27:01.665 GMT [1] LOG:  aborting any active transactions
2024-10-30 15:27:01.672 GMT [1] LOG:  background worker "logical replication launcher" (PID 33) exited with exit code 1
2024-10-30 15:27:01.672 GMT [28] LOG:  shutting down
2024-10-30 15:27:01.678 GMT [28] LOG:  checkpoint starting: shutdown immediate
2024-10-30 15:27:01.701 GMT [28] LOG:  checkpoint complete: wrote 3 buffers (0.0%); 0 WAL file(s) added, 0 removed, 0 recycled; write=0.009 s, sync=0.002 s, total=0.029 s; sync files=2, longest=0.001 s, average=0.001 s; distance=0 kB, estimate=0 kB; lsn=0/19CC568, redo lsn=0/19CC568
2024-10-30 15:27:01.725 GMT [1] LOG:  database system is shut down
2024-10-30 15:27:12.805 UTC [1] LOG:  starting PostgreSQL 16.4 (Debian 16.4-1.pgdg110+2) on x86_64-pc-linux-gnu, compiled by gcc (Debian 10.2.1-6) 10.2.1 20210110, 64-bit
2024-10-30 15:27:12.808 UTC [1] LOG:  listening on IPv4 address "0.0.0.0", port 5432
2024-10-30 15:27:12.808 UTC [1] LOG:  listening on IPv6 address "::", port 5432
2024-10-30 15:27:12.814 UTC [1] LOG:  listening on Unix socket "/var/run/postgresql/.s.PGSQL.5432"
2024-10-30 15:27:12.845 UTC [31] LOG:  database system was shut down at 2024-10-30 15:27:01 UTC
2024-10-30 15:27:12.884 UTC [1] LOG:  database system is ready to accept connections
2024-10-30 15:27:23.942 UTC [44] LOG:  statement: SELECT set_config('TimeZone', 'UTC', false)
2024-10-30 15:27:23.988 UTC [44] LOG:  statement: 
	            SELECT
	                c.relname,
	                CASE
	                    WHEN c.relispartition THEN 'p'
	                    WHEN c.relkind IN ('m', 'v') THEN 'v'
	                    ELSE 't'
	                END,
	                obj_description(c.oid, 'pg_class')
	            FROM pg_catalog.pg_class c
	            LEFT JOIN pg_catalog.pg_namespace n ON n.oid = c.relnamespace
	            WHERE c.relkind IN ('f', 'm', 'p', 'r', 'v')
	                AND n.nspname NOT IN ('pg_catalog', 'pg_toast')
	                AND pg_catalog.pg_table_is_visible(c.oid)
	        
2024-10-30 15:27:24.130 UTC [44] LOG:  statement: SELECT "django_migrations"."id", "django_migrations"."app", "django_migrations"."name", "django_migrations"."applied" FROM "django_migrations"
2024-10-30 15:27:25.229 UTC [45] LOG:  statement: SELECT set_config('TimeZone', 'UTC', false)
2024-10-30 15:27:25.230 UTC [45] LOG:  statement: 
	            SELECT
	                c.relname,
	                CASE
	                    WHEN c.relispartition THEN 'p'
	                    WHEN c.relkind IN ('m', 'v') THEN 'v'
	                    ELSE 't'
	                END,
	                obj_description(c.oid, 'pg_class')
	            FROM pg_catalog.pg_class c
	            LEFT JOIN pg_catalog.pg_namespace n ON n.oid = c.relnamespace
	            WHERE c.relkind IN ('f', 'm', 'p', 'r', 'v')
	                AND n.nspname NOT IN ('pg_catalog', 'pg_toast')
	                AND pg_catalog.pg_table_is_visible(c.oid)
	        
2024-10-30 15:27:25.243 UTC [45] LOG:  statement: SELECT "django_migrations"."id", "django_migrations"."app", "django_migrations"."name", "django_migrations"."applied" FROM "django_migrations"
2024-10-30 15:27:25.248 UTC [45] LOG:  statement: 
	            SELECT
	                c.relname,
	                CASE
	                    WHEN c.relispartition THEN 'p'
	                    WHEN c.relkind IN ('m', 'v') THEN 'v'
	                    ELSE 't'
	                END,
	                obj_description(c.oid, 'pg_class')
	            FROM pg_catalog.pg_class c
	            LEFT JOIN pg_catalog.pg_namespace n ON n.oid = c.relnamespace
	            WHERE c.relkind IN ('f', 'm', 'p', 'r', 'v')
	                AND n.nspname NOT IN ('pg_catalog', 'pg_toast')
	                AND pg_catalog.pg_table_is_visible(c.oid)
	        
2024-10-30 15:27:25.252 UTC [45] LOG:  statement: SELECT "django_migrations"."id", "django_migrations"."app", "django_migrations"."name", "django_migrations"."applied" FROM "django_migrations"
2024-10-30 15:27:25.264 UTC [45] LOG:  statement: 
	            SELECT
	                c.relname,
	                CASE
	                    WHEN c.relispartition THEN 'p'
	                    WHEN c.relkind IN ('m', 'v') THEN 'v'
	                    ELSE 't'
	                END,
	                obj_description(c.oid, 'pg_class')
	            FROM pg_catalog.pg_class c
	            LEFT JOIN pg_catalog.pg_namespace n ON n.oid = c.relnamespace
	            WHERE c.relkind IN ('f', 'm', 'p', 'r', 'v')
	                AND n.nspname NOT IN ('pg_catalog', 'pg_toast')
	                AND pg_catalog.pg_table_is_visible(c.oid)
	        
2024-10-30 15:27:25.267 UTC [45] LOG:  statement: 
	            SELECT
	                c.relname,
	                CASE
	                    WHEN c.relispartition THEN 'p'
	                    WHEN c.relkind IN ('m', 'v') THEN 'v'
	                    ELSE 't'
	                END,
	                obj_description(c.oid, 'pg_class')
	            FROM pg_catalog.pg_class c
	            LEFT JOIN pg_catalog.pg_namespace n ON n.oid = c.relnamespace
	            WHERE c.relkind IN ('f', 'm', 'p', 'r', 'v')
	                AND n.nspname NOT IN ('pg_catalog', 'pg_toast')
	                AND pg_catalog.pg_table_is_visible(c.oid)
	        
2024-10-30 15:27:25.272 UTC [45] LOG:  statement: SELECT "django_migrations"."id", "django_migrations"."app", "django_migrations"."name", "django_migrations"."applied" FROM "django_migrations"
2024-10-30 15:27:25.276 UTC [45] LOG:  statement: SELECT "django_content_type"."id", "django_content_type"."app_label", "django_content_type"."model" FROM "django_content_type" WHERE "django_content_type"."app_label" = 'admin'
2024-10-30 15:27:25.349 UTC [45] LOG:  statement: SELECT "django_content_type"."id", "django_content_type"."app_label", "django_content_type"."model" FROM "django_content_type" WHERE ("django_content_type"."app_label" = 'admin' AND "django_content_type"."model" = 'logentry') LIMIT 21
2024-10-30 15:27:25.356 UTC [45] LOG:  statement: SELECT "auth_permission"."content_type_id", "auth_permission"."codename" FROM "auth_permission" INNER JOIN "django_content_type" ON ("auth_permission"."content_type_id" = "django_content_type"."id") WHERE "auth_permission"."content_type_id" IN (1) ORDER BY "django_content_type"."app_label" ASC, "django_content_type"."model" ASC, "auth_permission"."codename" ASC
2024-10-30 15:27:25.374 UTC [45] LOG:  statement: SELECT "django_content_type"."id", "django_content_type"."app_label", "django_content_type"."model" FROM "django_content_type" WHERE "django_content_type"."app_label" = 'admin'
2024-10-30 15:27:25.376 UTC [45] LOG:  statement: SELECT "django_content_type"."id", "django_content_type"."app_label", "django_content_type"."model" FROM "django_content_type" WHERE "django_content_type"."app_label" = 'auth'
2024-10-30 15:27:25.379 UTC [45] LOG:  statement: SELECT "django_content_type"."id", "django_content_type"."app_label", "django_content_type"."model" FROM "django_content_type" WHERE ("django_content_type"."app_label" = 'auth' AND "django_content_type"."model" = 'permission') LIMIT 21
2024-10-30 15:27:25.382 UTC [45] LOG:  statement: SELECT "django_content_type"."id", "django_content_type"."app_label", "django_content_type"."model" FROM "django_content_type" WHERE ("django_content_type"."app_label" = 'auth' AND "django_content_type"."model" = 'group') LIMIT 21
2024-10-30 15:27:25.384 UTC [45] LOG:  statement: SELECT "django_content_type"."id", "django_content_type"."app_label", "django_content_type"."model" FROM "django_content_type" WHERE ("django_content_type"."app_label" = 'auth' AND "django_content_type"."model" = 'user') LIMIT 21
2024-10-30 15:27:25.388 UTC [45] LOG:  statement: SELECT "auth_permission"."content_type_id", "auth_permission"."codename" FROM "auth_permission" INNER JOIN "django_content_type" ON ("auth_permission"."content_type_id" = "django_content_type"."id") WHERE "auth_permission"."content_type_id" IN (2, 3, 4) ORDER BY "django_content_type"."app_label" ASC, "django_content_type"."model" ASC, "auth_permission"."codename" ASC
2024-10-30 15:27:25.392 UTC [45] LOG:  statement: SELECT "django_content_type"."id", "django_content_type"."app_label", "django_content_type"."model" FROM "django_content_type" WHERE "django_content_type"."app_label" = 'auth'
2024-10-30 15:27:25.394 UTC [45] LOG:  statement: SELECT "django_content_type"."id", "django_content_type"."app_label", "django_content_type"."model" FROM "django_content_type" WHERE "django_content_type"."app_label" = 'contenttypes'
2024-10-30 15:27:25.396 UTC [45] LOG:  statement: SELECT "django_content_type"."id", "django_content_type"."app_label", "django_content_type"."model" FROM "django_content_type" WHERE ("django_content_type"."app_label" = 'contenttypes' AND "django_content_type"."model" = 'contenttype') LIMIT 21
2024-10-30 15:27:25.399 UTC [45] LOG:  statement: SELECT "auth_permission"."content_type_id", "auth_permission"."codename" FROM "auth_permission" INNER JOIN "django_content_type" ON ("auth_permission"."content_type_id" = "django_content_type"."id") WHERE "auth_permission"."content_type_id" IN (5) ORDER BY "django_content_type"."app_label" ASC, "django_content_type"."model" ASC, "auth_permission"."codename" ASC
2024-10-30 15:27:25.402 UTC [45] LOG:  statement: SELECT "django_content_type"."id", "django_content_type"."app_label", "django_content_type"."model" FROM "django_content_type" WHERE "django_content_type"."app_label" = 'contenttypes'
2024-10-30 15:27:25.404 UTC [45] LOG:  statement: SELECT "django_content_type"."id", "django_content_type"."app_label", "django_content_type"."model" FROM "django_content_type" WHERE "django_content_type"."app_label" = 'sessions'
2024-10-30 15:27:25.406 UTC [45] LOG:  statement: SELECT "django_content_type"."id", "django_content_type"."app_label", "django_content_type"."model" FROM "django_content_type" WHERE ("django_content_type"."app_label" = 'sessions' AND "django_content_type"."model" = 'session') LIMIT 21
2024-10-30 15:27:25.409 UTC [45] LOG:  statement: SELECT "auth_permission"."content_type_id", "auth_permission"."codename" FROM "auth_permission" INNER JOIN "django_content_type" ON ("auth_permission"."content_type_id" = "django_content_type"."id") WHERE "auth_permission"."content_type_id" IN (6) ORDER BY "django_content_type"."app_label" ASC, "django_content_type"."model" ASC, "auth_permission"."codename" ASC
2024-10-30 15:27:25.412 UTC [45] LOG:  statement: SELECT "django_content_type"."id", "django_content_type"."app_label", "django_content_type"."model" FROM "django_content_type" WHERE "django_content_type"."app_label" = 'sessions'
2024-10-30 15:27:25.414 UTC [45] LOG:  statement: SELECT "django_content_type"."id", "django_content_type"."app_label", "django_content_type"."model" FROM "django_content_type" WHERE "django_content_type"."app_label" = 'game'
2024-10-30 15:27:25.416 UTC [45] LOG:  statement: SELECT "django_content_type"."id", "django_content_type"."app_label", "django_content_type"."model" FROM "django_content_type" WHERE ("django_content_type"."app_label" = 'game' AND "django_content_type"."model" = 'player') LIMIT 21
2024-10-30 15:27:25.419 UTC [45] LOG:  statement: SELECT "django_content_type"."id", "django_content_type"."app_label", "django_content_type"."model" FROM "django_content_type" WHERE ("django_content_type"."app_label" = 'game' AND "django_content_type"."model" = 'match') LIMIT 21
2024-10-30 15:27:25.422 UTC [45] LOG:  statement: SELECT "auth_permission"."content_type_id", "auth_permission"."codename" FROM "auth_permission" INNER JOIN "django_content_type" ON ("auth_permission"."content_type_id" = "django_content_type"."id") WHERE "auth_permission"."content_type_id" IN (8, 7) ORDER BY "django_content_type"."app_label" ASC, "django_content_type"."model" ASC, "auth_permission"."codename" ASC
2024-10-30 15:27:25.425 UTC [45] LOG:  statement: SELECT "django_content_type"."id", "django_content_type"."app_label", "django_content_type"."model" FROM "django_content_type" WHERE "django_content_type"."app_label" = 'game'
2024-10-30 15:27:26.938 UTC [46] LOG:  statement: SELECT set_config('TimeZone', 'UTC', false)
2024-10-30 15:27:26.940 UTC [46] LOG:  statement: 
	            SELECT
	                c.relname,
	                CASE
	                    WHEN c.relispartition THEN 'p'
	                    WHEN c.relkind IN ('m', 'v') THEN 'v'
	                    ELSE 't'
	                END,
	                obj_description(c.oid, 'pg_class')
	            FROM pg_catalog.pg_class c
	            LEFT JOIN pg_catalog.pg_namespace n ON n.oid = c.relnamespace
	            WHERE c.relkind IN ('f', 'm', 'p', 'r', 'v')
	                AND n.nspname NOT IN ('pg_catalog', 'pg_toast')
	                AND pg_catalog.pg_table_is_visible(c.oid)
	        
2024-10-30 15:27:26.953 UTC [46] LOG:  statement: SELECT "django_migrations"."id", "django_migrations"."app", "django_migrations"."name", "django_migrations"."applied" FROM "django_migrations"
2024-10-30 15:32:12.696 UTC [29] LOG:  checkpoint starting: time
2024-10-30 15:32:12.724 UTC [29] LOG:  checkpoint complete: wrote 3 buffers (0.0%); 0 WAL file(s) added, 0 removed, 0 recycled; write=0.011 s, sync=0.003 s, total=0.028 s; sync files=2, longest=0.002 s, average=0.002 s; distance=0 kB, estimate=0 kB; lsn=0/19CC650, redo lsn=0/19CC618
2024-10-30 15:56:22.335 UTC [1] LOG:  received fast shutdown request
2024-10-30 15:56:22.361 UTC [1] LOG:  aborting any active transactions
2024-10-30 15:56:22.365 UTC [1] LOG:  background worker "logical replication launcher" (PID 34) exited with exit code 1
2024-10-30 15:56:22.365 UTC [29] LOG:  shutting down
2024-10-30 15:56:22.370 UTC [29] LOG:  checkpoint starting: shutdown immediate
2024-10-30 15:56:22.403 UTC [29] LOG:  checkpoint complete: wrote 0 buffers (0.0%); 0 WAL file(s) added, 0 removed, 0 recycled; write=0.002 s, sync=0.001 s, total=0.038 s; sync files=0, longest=0.000 s, average=0.000 s; distance=0 kB, estimate=0 kB; lsn=0/19CC700, redo lsn=0/19CC700
2024-10-30 15:56:22.435 UTC [1] LOG:  database system is shut down
2024-10-30 15:56:36.597 UTC [1] LOG:  starting PostgreSQL 16.4 (Debian 16.4-1.pgdg110+2) on x86_64-pc-linux-gnu, compiled by gcc (Debian 10.2.1-6) 10.2.1 20210110, 64-bit
2024-10-30 15:56:36.600 UTC [1] LOG:  listening on IPv4 address "0.0.0.0", port 5432
2024-10-30 15:56:36.600 UTC [1] LOG:  listening on IPv6 address "::", port 5432
2024-10-30 15:56:36.604 UTC [1] LOG:  listening on Unix socket "/var/run/postgresql/.s.PGSQL.5432"
2024-10-30 15:56:36.635 UTC [31] LOG:  database system was shut down at 2024-10-30 15:56:22 UTC
2024-10-30 15:56:36.672 UTC [1] LOG:  database system is ready to accept connections
2024-10-30 15:56:48.693 UTC [43] LOG:  statement: SELECT set_config('TimeZone', 'UTC', false)
2024-10-30 15:56:48.762 UTC [43] LOG:  statement: 
	            SELECT
	                c.relname,
	                CASE
	                    WHEN c.relispartition THEN 'p'
	                    WHEN c.relkind IN ('m', 'v') THEN 'v'
	                    ELSE 't'
	                END,
	                obj_description(c.oid, 'pg_class')
	            FROM pg_catalog.pg_class c
	            LEFT JOIN pg_catalog.pg_namespace n ON n.oid = c.relnamespace
	            WHERE c.relkind IN ('f', 'm', 'p', 'r', 'v')
	                AND n.nspname NOT IN ('pg_catalog', 'pg_toast')
	                AND pg_catalog.pg_table_is_visible(c.oid)
	        
2024-10-30 15:56:48.893 UTC [43] LOG:  statement: SELECT "django_migrations"."id", "django_migrations"."app", "django_migrations"."name", "django_migrations"."applied" FROM "django_migrations"
2024-10-30 15:56:50.425 UTC [44] LOG:  statement: SELECT set_config('TimeZone', 'UTC', false)
2024-10-30 15:56:50.428 UTC [44] LOG:  statement: 
	            SELECT
	                c.relname,
	                CASE
	                    WHEN c.relispartition THEN 'p'
	                    WHEN c.relkind IN ('m', 'v') THEN 'v'
	                    ELSE 't'
	                END,
	                obj_description(c.oid, 'pg_class')
	            FROM pg_catalog.pg_class c
	            LEFT JOIN pg_catalog.pg_namespace n ON n.oid = c.relnamespace
	            WHERE c.relkind IN ('f', 'm', 'p', 'r', 'v')
	                AND n.nspname NOT IN ('pg_catalog', 'pg_toast')
	                AND pg_catalog.pg_table_is_visible(c.oid)
	        
2024-10-30 15:56:50.457 UTC [44] LOG:  statement: SELECT "django_migrations"."id", "django_migrations"."app", "django_migrations"."name", "django_migrations"."applied" FROM "django_migrations"
2024-10-30 15:56:50.463 UTC [44] LOG:  statement: 
	            SELECT
	                c.relname,
	                CASE
	                    WHEN c.relispartition THEN 'p'
	                    WHEN c.relkind IN ('m', 'v') THEN 'v'
	                    ELSE 't'
	                END,
	                obj_description(c.oid, 'pg_class')
	            FROM pg_catalog.pg_class c
	            LEFT JOIN pg_catalog.pg_namespace n ON n.oid = c.relnamespace
	            WHERE c.relkind IN ('f', 'm', 'p', 'r', 'v')
	                AND n.nspname NOT IN ('pg_catalog', 'pg_toast')
	                AND pg_catalog.pg_table_is_visible(c.oid)
	        
2024-10-30 15:56:50.471 UTC [44] LOG:  statement: SELECT "django_migrations"."id", "django_migrations"."app", "django_migrations"."name", "django_migrations"."applied" FROM "django_migrations"
2024-10-30 15:56:50.494 UTC [44] LOG:  statement: 
	            SELECT
	                c.relname,
	                CASE
	                    WHEN c.relispartition THEN 'p'
	                    WHEN c.relkind IN ('m', 'v') THEN 'v'
	                    ELSE 't'
	                END,
	                obj_description(c.oid, 'pg_class')
	            FROM pg_catalog.pg_class c
	            LEFT JOIN pg_catalog.pg_namespace n ON n.oid = c.relnamespace
	            WHERE c.relkind IN ('f', 'm', 'p', 'r', 'v')
	                AND n.nspname NOT IN ('pg_catalog', 'pg_toast')
	                AND pg_catalog.pg_table_is_visible(c.oid)
	        
2024-10-30 15:56:50.498 UTC [44] LOG:  statement: 
	            SELECT
	                c.relname,
	                CASE
	                    WHEN c.relispartition THEN 'p'
	                    WHEN c.relkind IN ('m', 'v') THEN 'v'
	                    ELSE 't'
	                END,
	                obj_description(c.oid, 'pg_class')
	            FROM pg_catalog.pg_class c
	            LEFT JOIN pg_catalog.pg_namespace n ON n.oid = c.relnamespace
	            WHERE c.relkind IN ('f', 'm', 'p', 'r', 'v')
	                AND n.nspname NOT IN ('pg_catalog', 'pg_toast')
	                AND pg_catalog.pg_table_is_visible(c.oid)
	        
2024-10-30 15:56:50.506 UTC [44] LOG:  statement: SELECT "django_migrations"."id", "django_migrations"."app", "django_migrations"."name", "django_migrations"."applied" FROM "django_migrations"
2024-10-30 15:56:50.511 UTC [44] LOG:  statement: SELECT "django_content_type"."id", "django_content_type"."app_label", "django_content_type"."model" FROM "django_content_type" WHERE "django_content_type"."app_label" = 'admin'
2024-10-30 15:56:50.552 UTC [44] LOG:  statement: SELECT "django_content_type"."id", "django_content_type"."app_label", "django_content_type"."model" FROM "django_content_type" WHERE ("django_content_type"."app_label" = 'admin' AND "django_content_type"."model" = 'logentry') LIMIT 21
2024-10-30 15:56:50.563 UTC [44] LOG:  statement: SELECT "auth_permission"."content_type_id", "auth_permission"."codename" FROM "auth_permission" INNER JOIN "django_content_type" ON ("auth_permission"."content_type_id" = "django_content_type"."id") WHERE "auth_permission"."content_type_id" IN (1) ORDER BY "django_content_type"."app_label" ASC, "django_content_type"."model" ASC, "auth_permission"."codename" ASC
2024-10-30 15:56:50.581 UTC [44] LOG:  statement: SELECT "django_content_type"."id", "django_content_type"."app_label", "django_content_type"."model" FROM "django_content_type" WHERE "django_content_type"."app_label" = 'admin'
2024-10-30 15:56:50.585 UTC [44] LOG:  statement: SELECT "django_content_type"."id", "django_content_type"."app_label", "django_content_type"."model" FROM "django_content_type" WHERE "django_content_type"."app_label" = 'auth'
2024-10-30 15:56:50.588 UTC [44] LOG:  statement: SELECT "django_content_type"."id", "django_content_type"."app_label", "django_content_type"."model" FROM "django_content_type" WHERE ("django_content_type"."app_label" = 'auth' AND "django_content_type"."model" = 'permission') LIMIT 21
2024-10-30 15:56:50.591 UTC [44] LOG:  statement: SELECT "django_content_type"."id", "django_content_type"."app_label", "django_content_type"."model" FROM "django_content_type" WHERE ("django_content_type"."app_label" = 'auth' AND "django_content_type"."model" = 'group') LIMIT 21
2024-10-30 15:56:50.595 UTC [44] LOG:  statement: SELECT "django_content_type"."id", "django_content_type"."app_label", "django_content_type"."model" FROM "django_content_type" WHERE ("django_content_type"."app_label" = 'auth' AND "django_content_type"."model" = 'user') LIMIT 21
2024-10-30 15:56:50.599 UTC [44] LOG:  statement: SELECT "auth_permission"."content_type_id", "auth_permission"."codename" FROM "auth_permission" INNER JOIN "django_content_type" ON ("auth_permission"."content_type_id" = "django_content_type"."id") WHERE "auth_permission"."content_type_id" IN (2, 3, 4) ORDER BY "django_content_type"."app_label" ASC, "django_content_type"."model" ASC, "auth_permission"."codename" ASC
2024-10-30 15:56:50.607 UTC [44] LOG:  statement: SELECT "django_content_type"."id", "django_content_type"."app_label", "django_content_type"."model" FROM "django_content_type" WHERE "django_content_type"."app_label" = 'auth'
2024-10-30 15:56:50.610 UTC [44] LOG:  statement: SELECT "django_content_type"."id", "django_content_type"."app_label", "django_content_type"."model" FROM "django_content_type" WHERE "django_content_type"."app_label" = 'contenttypes'
2024-10-30 15:56:50.613 UTC [44] LOG:  statement: SELECT "django_content_type"."id", "django_content_type"."app_label", "django_content_type"."model" FROM "django_content_type" WHERE ("django_content_type"."app_label" = 'contenttypes' AND "django_content_type"."model" = 'contenttype') LIMIT 21
2024-10-30 15:56:50.620 UTC [44] LOG:  statement: SELECT "auth_permission"."content_type_id", "auth_permission"."codename" FROM "auth_permission" INNER JOIN "django_content_type" ON ("auth_permission"."content_type_id" = "django_content_type"."id") WHERE "auth_permission"."content_type_id" IN (5) ORDER BY "django_content_type"."app_label" ASC, "django_content_type"."model" ASC, "auth_permission"."codename" ASC
2024-10-30 15:56:50.624 UTC [44] LOG:  statement: SELECT "django_content_type"."id", "django_content_type"."app_label", "django_content_type"."model" FROM "django_content_type" WHERE "django_content_type"."app_label" = 'contenttypes'
2024-10-30 15:56:50.631 UTC [44] LOG:  statement: SELECT "django_content_type"."id", "django_content_type"."app_label", "django_content_type"."model" FROM "django_content_type" WHERE "django_content_type"."app_label" = 'sessions'
2024-10-30 15:56:50.636 UTC [44] LOG:  statement: SELECT "django_content_type"."id", "django_content_type"."app_label", "django_content_type"."model" FROM "django_content_type" WHERE ("django_content_type"."app_label" = 'sessions' AND "django_content_type"."model" = 'session') LIMIT 21
2024-10-30 15:56:50.645 UTC [44] LOG:  statement: SELECT "auth_permission"."content_type_id", "auth_permission"."codename" FROM "auth_permission" INNER JOIN "django_content_type" ON ("auth_permission"."content_type_id" = "django_content_type"."id") WHERE "auth_permission"."content_type_id" IN (6) ORDER BY "django_content_type"."app_label" ASC, "django_content_type"."model" ASC, "auth_permission"."codename" ASC
2024-10-30 15:56:50.650 UTC [44] LOG:  statement: SELECT "django_content_type"."id", "django_content_type"."app_label", "django_content_type"."model" FROM "django_content_type" WHERE "django_content_type"."app_label" = 'sessions'
2024-10-30 15:56:50.653 UTC [44] LOG:  statement: SELECT "django_content_type"."id", "django_content_type"."app_label", "django_content_type"."model" FROM "django_content_type" WHERE "django_content_type"."app_label" = 'game'
2024-10-30 15:56:50.663 UTC [44] LOG:  statement: SELECT "django_content_type"."id", "django_content_type"."app_label", "django_content_type"."model" FROM "django_content_type" WHERE ("django_content_type"."app_label" = 'game' AND "django_content_type"."model" = 'player') LIMIT 21
2024-10-30 15:56:50.668 UTC [44] LOG:  statement: SELECT "django_content_type"."id", "django_content_type"."app_label", "django_content_type"."model" FROM "django_content_type" WHERE ("django_content_type"."app_label" = 'game' AND "django_content_type"."model" = 'match') LIMIT 21
2024-10-30 15:56:50.674 UTC [44] LOG:  statement: SELECT "auth_permission"."content_type_id", "auth_permission"."codename" FROM "auth_permission" INNER JOIN "django_content_type" ON ("auth_permission"."content_type_id" = "django_content_type"."id") WHERE "auth_permission"."content_type_id" IN (8, 7) ORDER BY "django_content_type"."app_label" ASC, "django_content_type"."model" ASC, "auth_permission"."codename" ASC
2024-10-30 15:56:50.679 UTC [44] LOG:  statement: SELECT "django_content_type"."id", "django_content_type"."app_label", "django_content_type"."model" FROM "django_content_type" WHERE "django_content_type"."app_label" = 'game'
2024-10-30 15:56:54.422 UTC [45] LOG:  statement: SELECT set_config('TimeZone', 'UTC', false)
2024-10-30 15:56:54.425 UTC [45] LOG:  statement: 
	            SELECT
	                c.relname,
	                CASE
	                    WHEN c.relispartition THEN 'p'
	                    WHEN c.relkind IN ('m', 'v') THEN 'v'
	                    ELSE 't'
	                END,
	                obj_description(c.oid, 'pg_class')
	            FROM pg_catalog.pg_class c
	            LEFT JOIN pg_catalog.pg_namespace n ON n.oid = c.relnamespace
	            WHERE c.relkind IN ('f', 'm', 'p', 'r', 'v')
	                AND n.nspname NOT IN ('pg_catalog', 'pg_toast')
	                AND pg_catalog.pg_table_is_visible(c.oid)
	        
2024-10-30 15:56:54.465 UTC [45] LOG:  statement: SELECT "django_migrations"."id", "django_migrations"."app", "django_migrations"."name", "django_migrations"."applied" FROM "django_migrations"
2024-10-30 16:01:36.841 UTC [29] LOG:  checkpoint starting: time
2024-10-30 16:01:37.086 UTC [29] LOG:  checkpoint complete: wrote 3 buffers (0.0%); 0 WAL file(s) added, 0 removed, 0 recycled; write=0.059 s, sync=0.003 s, total=0.267 s; sync files=2, longest=0.002 s, average=0.002 s; distance=0 kB, estimate=0 kB; lsn=0/19CC7E8, redo lsn=0/19CC7B0
2024-10-30 16:22:32.989 UTC [1289] LOG:  statement: SELECT set_config('TimeZone', 'UTC', false)
2024-10-30 16:22:33.108 UTC [1289] LOG:  statement: SELECT "django_session"."session_key", "django_session"."session_data", "django_session"."expire_date" FROM "django_session" WHERE ("django_session"."expire_date" > '2024-10-30 16:22:31.939863+00:00'::timestamptz AND "django_session"."session_key" = 't1phjs5xfhzscqhm1vmqb7fq0vey59ed') LIMIT 21
2024-10-30 16:22:33.488 UTC [1289] LOG:  statement: SELECT "game_player"."id", "game_player"."username", "game_player"."wins", "game_player"."loses", "game_player"."topScore", "game_player"."currentXP", "game_player"."matchCount", "game_player"."tournamentCount", "game_player"."is_active" FROM "game_player"
2024-10-30 17:38:15.431 UTC [5119] LOG:  could not send data to client: Broken pipe
2024-10-30 17:38:15.587 UTC [5119] FATAL:  connection to client lost
2024-10-30 17:56:51.813 UTC [1] LOG:  received fast shutdown request
2024-10-30 17:56:51.850 UTC [1] LOG:  aborting any active transactions
2024-10-30 17:56:51.926 UTC [1] LOG:  background worker "logical replication launcher" (PID 34) exited with exit code 1
2024-10-30 17:56:51.932 UTC [29] LOG:  shutting down
2024-10-30 17:56:51.945 UTC [29] LOG:  checkpoint starting: shutdown immediate
2024-10-30 17:56:52.149 UTC [29] LOG:  checkpoint complete: wrote 5 buffers (0.0%); 0 WAL file(s) added, 0 removed, 0 recycled; write=0.182 s, sync=0.001 s, total=0.213 s; sync files=4, longest=0.001 s, average=0.001 s; distance=0 kB, estimate=0 kB; lsn=0/19CC898, redo lsn=0/19CC898
2024-10-30 17:56:52.792 UTC [1] LOG:  database system is shut down
